<?xml version="1.0" encoding="UTF-8"?>
<testsuite name="service.SmsNotificationServiceTest" tests="2" skipped="0" failures="0" errors="0" timestamp="2026-01-27T15:42:49.012Z" hostname="DESKTOP-I1C0TVI" time="0.144">
  <properties/>
  <testcase name="shouldNotSendNotificationWhenTopicArnIsNull()" classname="service.SmsNotificationServiceTest" time="0.138"/>
  <testcase name="shouldSendNotification()" classname="service.SmsNotificationServiceTest" time="0.005"/>
  <system-out><![CDATA[]]></system-out>
  <system-err><![CDATA[]]></system-err>
</testsuite>
