<?xml version="1.0" encoding="UTF-8"?>
<testsuite name="repository.PrecipitationRecordsRepositoryTest" tests="2" skipped="0" failures="0" errors="0" timestamp="2026-01-27T15:42:48.922Z" hostname="DESKTOP-I1C0TVI" time="0.088">
  <properties/>
  <testcase name="shouldWriteNonRainingRecordWithoutLastAlertAt()" classname="repository.PrecipitationRecordsRepositoryTest" time="0.079"/>
  <testcase name="shouldWriteRainingRecordWithLastAlertAt()" classname="repository.PrecipitationRecordsRepositoryTest" time="0.008"/>
  <system-out><![CDATA[]]></system-out>
  <system-err><![CDATA[]]></system-err>
</testsuite>
